<?xml version="1.0" encoding="UTF-8"?>
<!-- Generated by org.testng.reporters.JUnitReportReporter -->
<testsuite hostname="nautilusshell-Lenovo-ideapad-330-15ICH" failures="0" tests="1" name="NewTest" time="65.842" errors="0" timestamp="2021-05-15T19:58:59 EDT" skipped="0">
  <testcase classname="NewTest" name="canLaunchBrowser" time="65.842"/>
  <system-out/>
</testsuite> <!-- NewTest -->
